<?xml version="1.0" encoding="UTF-8"?>
<testng-results skipped="0" failed="0" ignored="0" total="2" passed="2">
  <reporter-output>
  </reporter-output>
  <suite name="Default suite" duration-ms="56265" started-at="2018-04-30T11:06:41Z" finished-at="2018-04-30T11:07:37Z">
    <groups>
    </groups>
    <test name="Default test" duration-ms="56265" started-at="2018-04-30T11:06:41Z" finished-at="2018-04-30T11:07:37Z">
      <class name="MyRunner.TestRunner">
        <test-method status="PASS" signature="setUpClass()[pri:0, instance:MyRunner.TestRunner@5649fd9b]" name="setUpClass" is-config="true" duration-ms="318" started-at="2018-04-30T16:36:41Z" finished-at="2018-04-30T16:36:41Z">
          <reporter-output>
          </reporter-output>
        </test-method> <!-- setUpClass -->
        <test-method status="PASS" signature="feature(cucumber.api.testng.CucumberFeatureWrapper)[pri:0, instance:MyRunner.TestRunner@5649fd9b]" name="feature" duration-ms="85" started-at="2018-04-30T16:36:41Z" data-provider="features" finished-at="2018-04-30T16:36:41Z">
          <params>
            <param index="0">
              <value>
                <![CDATA[Test Registration of new user]]>
              </value>
            </param>
          </params>
          <reporter-output>
          </reporter-output>
        </test-method> <!-- feature -->
        <test-method status="PASS" signature="feature(cucumber.api.testng.CucumberFeatureWrapper)[pri:0, instance:MyRunner.TestRunner@5649fd9b]" name="feature" duration-ms="55681" started-at="2018-04-30T16:36:41Z" data-provider="features" finished-at="2018-04-30T16:37:37Z">
          <params>
            <param index="0">
              <value>
                <![CDATA[To verify Sign Up feature]]>
              </value>
            </param>
          </params>
          <reporter-output>
          </reporter-output>
        </test-method> <!-- feature -->
      </class> <!-- MyRunner.TestRunner -->
    </test> <!-- Default test -->
  </suite> <!-- Default suite -->
</testng-results>
